This file contains any messages produced by compilers while
running configure, to aid debugging if configure makes a mistake.

It was created by Hugs98 libraries configure 1.0, which was
generated by GNU Autoconf 2.60a.  Invocation command line was

  $ ./configure --prefix=/usr/local --cache-file=/dev/null --srcdir=.

## --------- ##
## Platform. ##
## --------- ##

hostname = amnesia101
uname -m = armv7l
uname -r = 5.7.6-1-ARCH
uname -s = Linux
uname -v = #1 SMP PREEMPT Mon Jul 6 01:08:30 UTC 2020

/usr/bin/uname -p = unknown
/bin/uname -X     = unknown

/bin/arch              = unknown
/usr/bin/arch -k       = unknown
/usr/convex/getsysinfo = unknown
/usr/bin/hostinfo      = unknown
/bin/machine           = unknown
/usr/bin/oslevel       = unknown
/bin/universe          = unknown

PATH: /home/amnesia/.deno/bin
PATH: /home/amnesia/.local/bin
PATH: /home/amnesia/anaconda3/bin
PATH: /home/amnesia/.racket/bin
PATH: /home/amnesia/git/clone/simh/BIN
PATH: /home/amnesia/.roswell/bin
PATH: /usr/local/sbin
PATH: /usr/local/bin
PATH: /usr/bin
PATH: /usr/lib/jvm/default/bin
PATH: /usr/bin/site_perl
PATH: /usr/bin/vendor_perl
PATH: /usr/bin/core_perl


## ----------- ##
## Core tests. ##
## ----------- ##

configure:1731: checking for gcc
configure:1747: found /usr/bin/gcc
configure:1758: result: gcc
configure:1996: checking for C compiler version
configure:2003: gcc --version >&5
gcc (GCC) 9.3.0
Copyright (C) 2019 Free Software Foundation, Inc.
This is free software; see the source for copying conditions.  There is NO
warranty; not even for MERCHANTABILITY or FITNESS FOR A PARTICULAR PURPOSE.

configure:2006: $? = 0
configure:2013: gcc -v >&5
Using built-in specs.
COLLECT_GCC=gcc
COLLECT_LTO_WRAPPER=/usr/lib/gcc/armv7l-unknown-linux-gnueabihf/9.3.0/lto-wrapper
Target: armv7l-unknown-linux-gnueabihf
Configured with: /build/gcc/src/gcc/configure --prefix=/usr --libdir=/usr/lib --libexecdir=/usr/lib --mandir=/usr/share/man --infodir=/usr/share/info --with-bugurl=https://github.com/archlinuxarm/PKGBUILDs/issues --enable-languages=c,c++,fortran,go,lto,objc,obj-c++,d --enable-shared --enable-threads=posix --with-system-zlib --with-isl --enable-__cxa_atexit --disable-libunwind-exceptions --enable-clocale=gnu --disable-libstdcxx-pch --disable-libssp --enable-gnu-unique-object --enable-linker-build-id --enable-lto --enable-plugin --enable-install-libiberty --with-linker-hash-style=gnu --enable-gnu-indirect-function --disable-multilib --disable-werror --enable-checking=release --enable-default-pie --enable-default-ssp --host=armv7l-unknown-linux-gnueabihf --build=armv7l-unknown-linux-gnueabihf --with-arch=armv7-a --with-float=hard --with-fpu=vfpv3-d16 gdc_include_dir=/usr/include/dlang/gdc
Thread model: posix
gcc version 9.3.0 (GCC) 
configure:2016: $? = 0
configure:2023: gcc -V >&5
gcc: error: unrecognized command line option '-V'
gcc: fatal error: no input files
compilation terminated.
configure:2026: $? = 1
configure:2049: checking for C compiler default output file name
configure:2076: gcc    conftest.c  >&5
configure:2079: $? = 0
configure:2117: result: a.out
configure:2134: checking whether the C compiler works
configure:2144: ./a.out
configure:2147: $? = 0
configure:2164: result: yes
configure:2171: checking whether we are cross compiling
configure:2173: result: no
configure:2176: checking for suffix of executables
configure:2183: gcc -o conftest    conftest.c  >&5
configure:2186: $? = 0
configure:2210: result: 
configure:2216: checking for suffix of object files
configure:2242: gcc -c   conftest.c >&5
configure:2245: $? = 0
configure:2268: result: o
configure:2272: checking whether we are using the GNU C compiler
configure:2301: gcc -c   conftest.c >&5
configure:2307: $? = 0
configure:2314: test -z "$ac_c_werror_flag" || test ! -s conftest.err
configure:2317: $? = 0
configure:2324: test -s conftest.o
configure:2327: $? = 0
configure:2341: result: yes
configure:2346: checking whether gcc accepts -g
configure:2376: gcc -c -g  conftest.c >&5
configure:2382: $? = 0
configure:2389: test -z "$ac_c_werror_flag" || test ! -s conftest.err
configure:2392: $? = 0
configure:2399: test -s conftest.o
configure:2402: $? = 0
configure:2532: result: yes
configure:2549: checking for gcc option to accept ISO C89
configure:2623: gcc  -c -g -O2  conftest.c >&5
configure:2629: $? = 0
configure:2636: test -z "$ac_c_werror_flag" || test ! -s conftest.err
configure:2639: $? = 0
configure:2646: test -s conftest.o
configure:2649: $? = 0
configure:2669: result: none needed
configure:2693: checking how to run the C preprocessor
configure:2733: gcc -E  conftest.c
configure:2739: $? = 0
configure:2777: gcc -E  conftest.c
conftest.c:8:10: fatal error: ac_nonexistent.h: No such file or directory
    8 | #include <ac_nonexistent.h>
      |          ^~~~~~~~~~~~~~~~~~
compilation terminated.
configure:2783: $? = 1
configure: failed program was:
| /* confdefs.h.  */
| #define PACKAGE_NAME "Hugs98 libraries"
| #define PACKAGE_TARNAME "hugslibs"
| #define PACKAGE_VERSION "1.0"
| #define PACKAGE_STRING "Hugs98 libraries 1.0"
| #define PACKAGE_BUGREPORT "hugs-bugs@haskell.org"
| /* end confdefs.h.  */
| #include <ac_nonexistent.h>
configure:2823: result: gcc -E
configure:2852: gcc -E  conftest.c
configure:2858: $? = 0
configure:2896: gcc -E  conftest.c
conftest.c:8:10: fatal error: ac_nonexistent.h: No such file or directory
    8 | #include <ac_nonexistent.h>
      |          ^~~~~~~~~~~~~~~~~~
compilation terminated.
configure:2902: $? = 1
configure: failed program was:
| /* confdefs.h.  */
| #define PACKAGE_NAME "Hugs98 libraries"
| #define PACKAGE_TARNAME "hugslibs"
| #define PACKAGE_VERSION "1.0"
| #define PACKAGE_STRING "Hugs98 libraries 1.0"
| #define PACKAGE_BUGREPORT "hugs-bugs@haskell.org"
| /* end confdefs.h.  */
| #include <ac_nonexistent.h>
configure:2947: checking for grep that handles long lines and -e
configure:3021: result: /usr/bin/grep
configure:3026: checking for egrep
configure:3104: result: /usr/bin/grep -E
configure:3110: checking whether gcc needs -traditional
configure:3152: result: no
configure:3165: checking how to run the C preprocessor
configure:3295: result: gcc -E
configure:3324: gcc -E  conftest.c
configure:3330: $? = 0
configure:3368: gcc -E  conftest.c
conftest.c:8:10: fatal error: ac_nonexistent.h: No such file or directory
    8 | #include <ac_nonexistent.h>
      |          ^~~~~~~~~~~~~~~~~~
compilation terminated.
configure:3374: $? = 1
configure: failed program was:
| /* confdefs.h.  */
| #define PACKAGE_NAME "Hugs98 libraries"
| #define PACKAGE_TARNAME "hugslibs"
| #define PACKAGE_VERSION "1.0"
| #define PACKAGE_STRING "Hugs98 libraries 1.0"
| #define PACKAGE_BUGREPORT "hugs-bugs@haskell.org"
| /* end confdefs.h.  */
| #include <ac_nonexistent.h>
configure:3420: checking for a traditional C preprocessor
configure:3466: gcc -E  conftest.c
conftest.c:10:13: warning: missing terminating ' character
   10 | {-# INLINE f'
      |             ^
conftest.c:11:3: error: invalid preprocessing directive #-
   11 |  #-}
      |   ^
conftest.c:12:2: warning: missing terminating ' character
   12 | f' x = x+1
      |  ^
configure:3472: $? = 1
configure: failed program was:
| /* confdefs.h.  */
| #define PACKAGE_NAME "Hugs98 libraries"
| #define PACKAGE_TARNAME "hugslibs"
| #define PACKAGE_VERSION "1.0"
| #define PACKAGE_STRING "Hugs98 libraries 1.0"
| #define PACKAGE_BUGREPORT "hugs-bugs@haskell.org"
| /* end confdefs.h.  */
| 
| #if 1
| {-# INLINE f'
|  #-}
| f' x = x+1
| #endif
| 
| int
| main ()
| {
| 
|   ;
|   return 0;
| }
configure:3466: gcc -E  -traditional-cpp conftest.c
configure:3472: $? = 0
configure:3502: result: gcc -E -traditional-cpp
configure:3508: checking whether make sets $(MAKE)
configure:3529: result: yes
configure:3541: checking for find
configure:3559: found /usr/bin/find
configure:3571: result: /usr/bin/find
configure:3647: checking for sort
configure:3665: found /usr/bin/sort
configure:3677: result: /usr/bin/sort
configure:3753: checking for ANSI C header files
configure:3783: gcc -c -g -O2  conftest.c >&5
configure:3789: $? = 0
configure:3796: test -z "$ac_c_werror_flag" || test ! -s conftest.err
configure:3799: $? = 0
configure:3806: test -s conftest.o
configure:3809: $? = 0
configure:3905: gcc -o conftest -g -O2   conftest.c  >&5
configure:3908: $? = 0
configure:3914: ./conftest
configure:3917: $? = 0
configure:3934: result: yes
configure:3958: checking for sys/types.h
configure:3979: gcc -c -g -O2  conftest.c >&5
configure:3985: $? = 0
configure:3992: test -z "$ac_c_werror_flag" || test ! -s conftest.err
configure:3995: $? = 0
configure:4002: test -s conftest.o
configure:4005: $? = 0
configure:4018: result: yes
configure:3958: checking for sys/stat.h
configure:3979: gcc -c -g -O2  conftest.c >&5
configure:3985: $? = 0
configure:3992: test -z "$ac_c_werror_flag" || test ! -s conftest.err
configure:3995: $? = 0
configure:4002: test -s conftest.o
configure:4005: $? = 0
configure:4018: result: yes
configure:3958: checking for stdlib.h
configure:3979: gcc -c -g -O2  conftest.c >&5
configure:3985: $? = 0
configure:3992: test -z "$ac_c_werror_flag" || test ! -s conftest.err
configure:3995: $? = 0
configure:4002: test -s conftest.o
configure:4005: $? = 0
configure:4018: result: yes
configure:3958: checking for string.h
configure:3979: gcc -c -g -O2  conftest.c >&5
configure:3985: $? = 0
configure:3992: test -z "$ac_c_werror_flag" || test ! -s conftest.err
configure:3995: $? = 0
configure:4002: test -s conftest.o
configure:4005: $? = 0
configure:4018: result: yes
configure:3958: checking for memory.h
configure:3979: gcc -c -g -O2  conftest.c >&5
configure:3985: $? = 0
configure:3992: test -z "$ac_c_werror_flag" || test ! -s conftest.err
configure:3995: $? = 0
configure:4002: test -s conftest.o
configure:4005: $? = 0
configure:4018: result: yes
configure:3958: checking for strings.h
configure:3979: gcc -c -g -O2  conftest.c >&5
configure:3985: $? = 0
configure:3992: test -z "$ac_c_werror_flag" || test ! -s conftest.err
configure:3995: $? = 0
configure:4002: test -s conftest.o
configure:4005: $? = 0
configure:4018: result: yes
configure:3958: checking for inttypes.h
configure:3979: gcc -c -g -O2  conftest.c >&5
configure:3985: $? = 0
configure:3992: test -z "$ac_c_werror_flag" || test ! -s conftest.err
configure:3995: $? = 0
configure:4002: test -s conftest.o
configure:4005: $? = 0
configure:4018: result: yes
configure:3958: checking for stdint.h
configure:3979: gcc -c -g -O2  conftest.c >&5
configure:3985: $? = 0
configure:3992: test -z "$ac_c_werror_flag" || test ! -s conftest.err
configure:3995: $? = 0
configure:4002: test -s conftest.o
configure:4005: $? = 0
configure:4018: result: yes
configure:3958: checking for unistd.h
configure:3979: gcc -c -g -O2  conftest.c >&5
configure:3985: $? = 0
configure:3992: test -z "$ac_c_werror_flag" || test ! -s conftest.err
configure:3995: $? = 0
configure:4002: test -s conftest.o
configure:4005: $? = 0
configure:4018: result: yes
configure:4030: checking for long long
configure:4060: gcc -c -g -O2  conftest.c >&5
configure:4066: $? = 0
configure:4073: test -z "$ac_c_werror_flag" || test ! -s conftest.err
configure:4076: $? = 0
configure:4083: test -s conftest.o
configure:4086: $? = 0
configure:4098: result: yes
configure:4110: checking for char
configure:4140: gcc -c -g -O2  conftest.c >&5
configure:4146: $? = 0
configure:4153: test -z "$ac_c_werror_flag" || test ! -s conftest.err
configure:4156: $? = 0
configure:4163: test -s conftest.o
configure:4166: $? = 0
configure:4178: result: yes
configure:4185: checking size of char
configure:4578: gcc -o conftest -g -O2   conftest.c  >&5
configure:4581: $? = 0
configure:4587: ./conftest
configure:4590: $? = 0
configure:4613: result: 1
configure:4623: checking for double
configure:4653: gcc -c -g -O2  conftest.c >&5
configure:4659: $? = 0
configure:4666: test -z "$ac_c_werror_flag" || test ! -s conftest.err
configure:4669: $? = 0
configure:4676: test -s conftest.o
configure:4679: $? = 0
configure:4691: result: yes
configure:4698: checking size of double
configure:5091: gcc -o conftest -g -O2   conftest.c  >&5
configure:5094: $? = 0
configure:5100: ./conftest
configure:5103: $? = 0
configure:5126: result: 8
configure:5136: checking for float
configure:5166: gcc -c -g -O2  conftest.c >&5
configure:5172: $? = 0
configure:5179: test -z "$ac_c_werror_flag" || test ! -s conftest.err
configure:5182: $? = 0
configure:5189: test -s conftest.o
configure:5192: $? = 0
configure:5204: result: yes
configure:5211: checking size of float
configure:5604: gcc -o conftest -g -O2   conftest.c  >&5
configure:5607: $? = 0
configure:5613: ./conftest
configure:5616: $? = 0
configure:5639: result: 4
configure:5649: checking for int
configure:5679: gcc -c -g -O2  conftest.c >&5
configure:5685: $? = 0
configure:5692: test -z "$ac_c_werror_flag" || test ! -s conftest.err
configure:5695: $? = 0
configure:5702: test -s conftest.o
configure:5705: $? = 0
configure:5717: result: yes
configure:5724: checking size of int
configure:6117: gcc -o conftest -g -O2   conftest.c  >&5
configure:6120: $? = 0
configure:6126: ./conftest
configure:6129: $? = 0
configure:6152: result: 4
configure:6162: checking for long
configure:6192: gcc -c -g -O2  conftest.c >&5
configure:6198: $? = 0
configure:6205: test -z "$ac_c_werror_flag" || test ! -s conftest.err
configure:6208: $? = 0
configure:6215: test -s conftest.o
configure:6218: $? = 0
configure:6230: result: yes
configure:6237: checking size of long
configure:6630: gcc -o conftest -g -O2   conftest.c  >&5
configure:6633: $? = 0
configure:6639: ./conftest
configure:6642: $? = 0
configure:6665: result: 4
configure:6676: checking for long long
configure:6744: result: yes
configure:6751: checking size of long long
configure:7144: gcc -o conftest -g -O2   conftest.c  >&5
configure:7147: $? = 0
configure:7153: ./conftest
configure:7156: $? = 0
configure:7179: result: 8
configure:7190: checking for short
configure:7220: gcc -c -g -O2  conftest.c >&5
configure:7226: $? = 0
configure:7233: test -z "$ac_c_werror_flag" || test ! -s conftest.err
configure:7236: $? = 0
configure:7243: test -s conftest.o
configure:7246: $? = 0
configure:7258: result: yes
configure:7265: checking size of short
configure:7658: gcc -o conftest -g -O2   conftest.c  >&5
configure:7661: $? = 0
configure:7667: ./conftest
configure:7670: $? = 0
configure:7693: result: 2
configure:7703: checking for unsigned char
configure:7733: gcc -c -g -O2  conftest.c >&5
configure:7739: $? = 0
configure:7746: test -z "$ac_c_werror_flag" || test ! -s conftest.err
configure:7749: $? = 0
configure:7756: test -s conftest.o
configure:7759: $? = 0
configure:7771: result: yes
configure:7778: checking size of unsigned char
configure:8171: gcc -o conftest -g -O2   conftest.c  >&5
configure:8174: $? = 0
configure:8180: ./conftest
configure:8183: $? = 0
configure:8206: result: 1
configure:8216: checking for unsigned int
configure:8246: gcc -c -g -O2  conftest.c >&5
configure:8252: $? = 0
configure:8259: test -z "$ac_c_werror_flag" || test ! -s conftest.err
configure:8262: $? = 0
configure:8269: test -s conftest.o
configure:8272: $? = 0
configure:8284: result: yes
configure:8291: checking size of unsigned int
configure:8684: gcc -o conftest -g -O2   conftest.c  >&5
configure:8687: $? = 0
configure:8693: ./conftest
configure:8696: $? = 0
configure:8719: result: 4
configure:8729: checking for unsigned long
configure:8759: gcc -c -g -O2  conftest.c >&5
configure:8765: $? = 0
configure:8772: test -z "$ac_c_werror_flag" || test ! -s conftest.err
configure:8775: $? = 0
configure:8782: test -s conftest.o
configure:8785: $? = 0
configure:8797: result: yes
configure:8804: checking size of unsigned long
configure:9197: gcc -o conftest -g -O2   conftest.c  >&5
configure:9200: $? = 0
configure:9206: ./conftest
configure:9209: $? = 0
configure:9232: result: 4
configure:9243: checking for unsigned long long
configure:9273: gcc -c -g -O2  conftest.c >&5
configure:9279: $? = 0
configure:9286: test -z "$ac_c_werror_flag" || test ! -s conftest.err
configure:9289: $? = 0
configure:9296: test -s conftest.o
configure:9299: $? = 0
configure:9311: result: yes
configure:9318: checking size of unsigned long long
configure:9711: gcc -o conftest -g -O2   conftest.c  >&5
configure:9714: $? = 0
configure:9720: ./conftest
configure:9723: $? = 0
configure:9746: result: 8
configure:9757: checking for unsigned short
configure:9787: gcc -c -g -O2  conftest.c >&5
configure:9793: $? = 0
configure:9800: test -z "$ac_c_werror_flag" || test ! -s conftest.err
configure:9803: $? = 0
configure:9810: test -s conftest.o
configure:9813: $? = 0
configure:9825: result: yes
configure:9832: checking size of unsigned short
configure:10225: gcc -o conftest -g -O2   conftest.c  >&5
configure:10228: $? = 0
configure:10234: ./conftest
configure:10237: $? = 0
configure:10260: result: 2
configure:10270: checking for void *
configure:10300: gcc -c -g -O2  conftest.c >&5
configure:10306: $? = 0
configure:10313: test -z "$ac_c_werror_flag" || test ! -s conftest.err
configure:10316: $? = 0
configure:10323: test -s conftest.o
configure:10326: $? = 0
configure:10338: result: yes
configure:10345: checking size of void *
configure:10738: gcc -o conftest -g -O2   conftest.c  >&5
configure:10741: $? = 0
configure:10747: ./conftest
configure:10750: $? = 0
configure:10773: result: 4
configure:10784: checking for char
configure:10852: result: yes
configure:10854: checking alignment of char
configure:11232: gcc -o conftest -g -O2   conftest.c  >&5
configure:11235: $? = 0
configure:11241: ./conftest
configure:11244: $? = 0
configure:11266: result: 1
configure:11272: checking for double
configure:11340: result: yes
configure:11342: checking alignment of double
configure:11720: gcc -o conftest -g -O2   conftest.c  >&5
configure:11723: $? = 0
configure:11729: ./conftest
configure:11732: $? = 0
configure:11754: result: 8
configure:11760: checking for float
configure:11828: result: yes
configure:11830: checking alignment of float
configure:12208: gcc -o conftest -g -O2   conftest.c  >&5
configure:12211: $? = 0
configure:12217: ./conftest
configure:12220: $? = 0
configure:12242: result: 4
configure:12248: checking for int
configure:12316: result: yes
configure:12318: checking alignment of int
configure:12696: gcc -o conftest -g -O2   conftest.c  >&5
configure:12699: $? = 0
configure:12705: ./conftest
configure:12708: $? = 0
configure:12730: result: 4
configure:12736: checking for long
configure:12804: result: yes
configure:12806: checking alignment of long
configure:13184: gcc -o conftest -g -O2   conftest.c  >&5
configure:13187: $? = 0
configure:13193: ./conftest
configure:13196: $? = 0
configure:13218: result: 4
configure:13225: checking for long long
configure:13293: result: yes
configure:13295: checking alignment of long long
configure:13673: gcc -o conftest -g -O2   conftest.c  >&5
configure:13676: $? = 0
configure:13682: ./conftest
configure:13685: $? = 0
configure:13707: result: 8
configure:13714: checking for short
configure:13782: result: yes
configure:13784: checking alignment of short
configure:14162: gcc -o conftest -g -O2   conftest.c  >&5
configure:14165: $? = 0
configure:14171: ./conftest
configure:14174: $? = 0
configure:14196: result: 2
configure:14202: checking for unsigned char
configure:14270: result: yes
configure:14272: checking alignment of unsigned char
configure:14650: gcc -o conftest -g -O2   conftest.c  >&5
configure:14653: $? = 0
configure:14659: ./conftest
configure:14662: $? = 0
configure:14684: result: 1
configure:14690: checking for unsigned int
configure:14758: result: yes
configure:14760: checking alignment of unsigned int
configure:15138: gcc -o conftest -g -O2   conftest.c  >&5
configure:15141: $? = 0
configure:15147: ./conftest
configure:15150: $? = 0
configure:15172: result: 4
configure:15178: checking for unsigned long
configure:15246: result: yes
configure:15248: checking alignment of unsigned long
configure:15626: gcc -o conftest -g -O2   conftest.c  >&5
configure:15629: $? = 0
configure:15635: ./conftest
configure:15638: $? = 0
configure:15660: result: 4
configure:15667: checking for unsigned long long
configure:15735: result: yes
configure:15737: checking alignment of unsigned long long
configure:16115: gcc -o conftest -g -O2   conftest.c  >&5
configure:16118: $? = 0
configure:16124: ./conftest
configure:16127: $? = 0
configure:16149: result: 8
configure:16156: checking for unsigned short
configure:16224: result: yes
configure:16226: checking alignment of unsigned short
configure:16604: gcc -o conftest -g -O2   conftest.c  >&5
configure:16607: $? = 0
configure:16613: ./conftest
configure:16616: $? = 0
configure:16638: result: 2
configure:16644: checking for void *
configure:16712: result: yes
configure:16714: checking alignment of void *
configure:17092: gcc -o conftest -g -O2   conftest.c  >&5
configure:17095: $? = 0
configure:17101: ./conftest
configure:17104: $? = 0
configure:17126: result: 4
configure:17231: creating ./config.status

## ---------------------- ##
## Running config.status. ##
## ---------------------- ##

This file was extended by Hugs98 libraries config.status 1.0, which was
generated by GNU Autoconf 2.60a.  Invocation command line was

  CONFIG_FILES    = 
  CONFIG_HEADERS  = 
  CONFIG_LINKS    = 
  CONFIG_COMMANDS = 
  $ ./config.status 

on amnesia101

config.status:595: creating Makefile
config.status:595: creating tools/config
config.status:595: creating include/ghcconfig.h
config.status:848: executing ultra-evil commands

## ---------------- ##
## Cache variables. ##
## ---------------- ##

ac_cv_c_compiler_gnu=yes
ac_cv_env_CC_set=
ac_cv_env_CC_value=
ac_cv_env_CFLAGS_set=
ac_cv_env_CFLAGS_value=
ac_cv_env_CPPFLAGS_set=
ac_cv_env_CPPFLAGS_value=
ac_cv_env_CPP_set=
ac_cv_env_CPP_value=
ac_cv_env_LDFLAGS_set=
ac_cv_env_LDFLAGS_value=
ac_cv_env_build_alias_set=
ac_cv_env_build_alias_value=
ac_cv_env_host_alias_set=
ac_cv_env_host_alias_value=
ac_cv_env_target_alias_set=
ac_cv_env_target_alias_value=
ac_cv_header_inttypes_h=yes
ac_cv_header_memory_h=yes
ac_cv_header_stdc=yes
ac_cv_header_stdint_h=yes
ac_cv_header_stdlib_h=yes
ac_cv_header_string_h=yes
ac_cv_header_strings_h=yes
ac_cv_header_sys_stat_h=yes
ac_cv_header_sys_types_h=yes
ac_cv_header_unistd_h=yes
ac_cv_objext=o
ac_cv_path_EGREP='/usr/bin/grep -E'
ac_cv_path_GREP=/usr/bin/grep
ac_cv_path_fp_prog_find=/usr/bin/find
ac_cv_path_fp_prog_sort=/usr/bin/sort
ac_cv_prog_CPP='gcc -E'
ac_cv_prog_ac_ct_CC=gcc
ac_cv_prog_cc_c89=
ac_cv_prog_cc_g=yes
ac_cv_prog_gcc_traditional=no
ac_cv_prog_make_make_set=yes
ac_cv_sizeof_char=1
ac_cv_sizeof_double=8
ac_cv_sizeof_float=4
ac_cv_sizeof_int=4
ac_cv_sizeof_long=4
ac_cv_sizeof_long_long=8
ac_cv_sizeof_short=2
ac_cv_sizeof_unsigned_char=1
ac_cv_sizeof_unsigned_int=4
ac_cv_sizeof_unsigned_long=4
ac_cv_sizeof_unsigned_long_long=8
ac_cv_sizeof_unsigned_short=2
ac_cv_sizeof_void_p=4
ac_cv_type_char=yes
ac_cv_type_double=yes
ac_cv_type_float=yes
ac_cv_type_int=yes
ac_cv_type_long=yes
ac_cv_type_long_long=yes
ac_cv_type_short=yes
ac_cv_type_unsigned_char=yes
ac_cv_type_unsigned_int=yes
ac_cv_type_unsigned_long=yes
ac_cv_type_unsigned_long_long=yes
ac_cv_type_unsigned_short=yes
ac_cv_type_void_p=yes
fp_cv_alignment_char=1
fp_cv_alignment_double=8
fp_cv_alignment_float=4
fp_cv_alignment_int=4
fp_cv_alignment_long=4
fp_cv_alignment_long_long=8
fp_cv_alignment_short=2
fp_cv_alignment_unsigned_char=1
fp_cv_alignment_unsigned_int=4
fp_cv_alignment_unsigned_long=4
fp_cv_alignment_unsigned_long_long=8
fp_cv_alignment_unsigned_short=2
fp_cv_alignment_void_p=4
ice_cv_traditional_cpp='gcc -E -traditional-cpp'

## ----------------- ##
## Output variables. ##
## ----------------- ##

CC='gcc'
CFLAGS='-g -O2'
CPP='gcc -E'
CPPFLAGS=''
CPP_TRADITIONAL='gcc -E -traditional-cpp'
DEFS='-DHAVE_CONFIG_H'
ECHO_C=''
ECHO_N='-n'
ECHO_T=''
EGREP='/usr/bin/grep -E'
EXEEXT=''
FindCmd='/usr/bin/find'
GREP='/usr/bin/grep'
LDFLAGS=''
LIBOBJS=''
LIBS=''
LTLIBOBJS=''
OBJEXT='o'
PACKAGE_BUGREPORT='hugs-bugs@haskell.org'
PACKAGE_NAME='Hugs98 libraries'
PACKAGE_STRING='Hugs98 libraries 1.0'
PACKAGE_TARNAME='hugslibs'
PACKAGE_VERSION='1.0'
PATH_SEPARATOR=':'
SET_MAKE=''
SHELL='/bin/sh'
SortCmd='/usr/bin/sort'
ac_ct_CC='gcc'
bindir='${exec_prefix}/bin'
build_alias=''
datadir='${datarootdir}'
datarootdir='${prefix}/share'
docdir='${datarootdir}/doc/${PACKAGE_TARNAME}'
dvidir='${docdir}'
exec_prefix='${prefix}'
fp_prog_find='/usr/bin/find'
fp_prog_sort='/usr/bin/sort'
host_alias=''
htmldir='${docdir}'
includedir='${prefix}/include'
infodir='${datarootdir}/info'
libdir='${exec_prefix}/lib'
libexecdir='${exec_prefix}/libexec'
localedir='${datarootdir}/locale'
localstatedir='${prefix}/var'
mandir='${datarootdir}/man'
oldincludedir='/usr/include'
pdfdir='${docdir}'
prefix='/usr/local'
program_transform_name='s,x,x,'
psdir='${docdir}'
sbindir='${exec_prefix}/sbin'
sharedstatedir='${prefix}/com'
sysconfdir='${prefix}/etc'
target_alias=''

## ------------------- ##
## File substitutions. ##
## ------------------- ##

MkDefs='../MkDefs'

## ----------- ##
## confdefs.h. ##
## ----------- ##

#define PACKAGE_NAME "Hugs98 libraries"
#define PACKAGE_TARNAME "hugslibs"
#define PACKAGE_VERSION "1.0"
#define PACKAGE_STRING "Hugs98 libraries 1.0"
#define PACKAGE_BUGREPORT "hugs-bugs@haskell.org"
#define STDC_HEADERS 1
#define HAVE_SYS_TYPES_H 1
#define HAVE_SYS_STAT_H 1
#define HAVE_STDLIB_H 1
#define HAVE_STRING_H 1
#define HAVE_MEMORY_H 1
#define HAVE_STRINGS_H 1
#define HAVE_INTTYPES_H 1
#define HAVE_STDINT_H 1
#define HAVE_UNISTD_H 1
#define HAVE_LONG_LONG 1
#define SIZEOF_CHAR 1
#define SIZEOF_DOUBLE 8
#define SIZEOF_FLOAT 4
#define SIZEOF_INT 4
#define SIZEOF_LONG 4
#define SIZEOF_LONG_LONG 8
#define SIZEOF_SHORT 2
#define SIZEOF_UNSIGNED_CHAR 1
#define SIZEOF_UNSIGNED_INT 4
#define SIZEOF_UNSIGNED_LONG 4
#define SIZEOF_UNSIGNED_LONG_LONG 8
#define SIZEOF_UNSIGNED_SHORT 2
#define SIZEOF_VOID_P 4
#define ALIGNMENT_CHAR 1
#define ALIGNMENT_DOUBLE 8
#define ALIGNMENT_FLOAT 4
#define ALIGNMENT_INT 4
#define ALIGNMENT_LONG 4
#define ALIGNMENT_LONG_LONG 8
#define ALIGNMENT_SHORT 2
#define ALIGNMENT_UNSIGNED_CHAR 1
#define ALIGNMENT_UNSIGNED_INT 4
#define ALIGNMENT_UNSIGNED_LONG 4
#define ALIGNMENT_UNSIGNED_LONG_LONG 8
#define ALIGNMENT_UNSIGNED_SHORT 2
#define ALIGNMENT_VOID_P 4

configure: exit 0
